C:\Program Files (x86)\Microsoft Visual Studio\2019\Community\MSBuild\Microsoft\VC\v160\Microsoft.CppBuild.targets(513,5): warning MSB8028: The intermediate directory (x64\Release\) contains files shared from another project (CTabControl.vcxproj).  This can lead to incorrect clean and rebuild behavior.
  CTabControlDlg.cpp
     Creating library C:\Users\trong\Downloads\MFC-Visual-CPP-Applications-master\Honda_HOOD - Copy\x64\Release\HOOD.lib and object C:\Users\trong\Downloads\MFC-Visual-CPP-Applications-master\Honda_HOOD - Copy\x64\Release\HOOD.exp
LINK : warning LNK4098: defaultlib 'MSVCRTD' conflicts with use of other libs; use /NODEFAULTLIB:library
  Generating code
  2 of 1361 functions ( 0.1%) were compiled, the rest were copied from previous compilation.
    0 functions were new in current compilation
    1 functions had inline decision re-evaluated but remain unchanged
  Finished generating code
glfw3.lib(context.obj) : warning LNK4099: PDB 'glfw.pdb' was not found with 'glfw3.lib(context.obj)' or at 'C:\Users\trong\Downloads\MFC-Visual-CPP-Applications-master\Honda_HOOD - Copy\x64\Release\glfw.pdb'; linking object as if no debug info
glfw3.lib(init.obj) : warning LNK4099: PDB '' was not found with 'glfw3.lib(init.obj)' or at ''; linking object as if no debug info
glfw3.lib(input.obj) : warning LNK4099: PDB '' was not found with 'glfw3.lib(input.obj)' or at ''; linking object as if no debug info
glfw3.lib(monitor.obj) : warning LNK4099: PDB 'glfw.pdb' was not found with 'glfw3.lib(monitor.obj)' or at 'C:\Users\trong\Downloads\MFC-Visual-CPP-Applications-master\Honda_HOOD - Copy\x64\Release\glfw.pdb'; linking object as if no debug info
glfw3.lib(vulkan.obj) : warning LNK4099: PDB 'glfw.pdb' was not found with 'glfw3.lib(vulkan.obj)' or at 'C:\Users\trong\Downloads\MFC-Visual-CPP-Applications-master\Honda_HOOD - Copy\x64\Release\glfw.pdb'; linking object as if no debug info
glfw3.lib(window.obj) : warning LNK4099: PDB 'glfw.pdb' was not found with 'glfw3.lib(window.obj)' or at 'C:\Users\trong\Downloads\MFC-Visual-CPP-Applications-master\Honda_HOOD - Copy\x64\Release\glfw.pdb'; linking object as if no debug info
glfw3.lib(win32_init.obj) : warning LNK4099: PDB 'glfw.pdb' was not found with 'glfw3.lib(win32_init.obj)' or at 'C:\Users\trong\Downloads\MFC-Visual-CPP-Applications-master\Honda_HOOD - Copy\x64\Release\glfw.pdb'; linking object as if no debug info
glfw3.lib(win32_joystick.obj) : warning LNK4099: PDB 'glfw.pdb' was not found with 'glfw3.lib(win32_joystick.obj)' or at 'C:\Users\trong\Downloads\MFC-Visual-CPP-Applications-master\Honda_HOOD - Copy\x64\Release\glfw.pdb'; linking object as if no debug info
glfw3.lib(win32_monitor.obj) : warning LNK4099: PDB 'glfw.pdb' was not found with 'glfw3.lib(win32_monitor.obj)' or at 'C:\Users\trong\Downloads\MFC-Visual-CPP-Applications-master\Honda_HOOD - Copy\x64\Release\glfw.pdb'; linking object as if no debug info
glfw3.lib(win32_time.obj) : warning LNK4099: PDB 'glfw.pdb' was not found with 'glfw3.lib(win32_time.obj)' or at 'C:\Users\trong\Downloads\MFC-Visual-CPP-Applications-master\Honda_HOOD - Copy\x64\Release\glfw.pdb'; linking object as if no debug info
glfw3.lib(win32_thread.obj) : warning LNK4099: PDB 'glfw.pdb' was not found with 'glfw3.lib(win32_thread.obj)' or at 'C:\Users\trong\Downloads\MFC-Visual-CPP-Applications-master\Honda_HOOD - Copy\x64\Release\glfw.pdb'; linking object as if no debug info
glfw3.lib(win32_window.obj) : warning LNK4099: PDB 'glfw.pdb' was not found with 'glfw3.lib(win32_window.obj)' or at 'C:\Users\trong\Downloads\MFC-Visual-CPP-Applications-master\Honda_HOOD - Copy\x64\Release\glfw.pdb'; linking object as if no debug info
glfw3.lib(wgl_context.obj) : warning LNK4099: PDB 'glfw.pdb' was not found with 'glfw3.lib(wgl_context.obj)' or at 'C:\Users\trong\Downloads\MFC-Visual-CPP-Applications-master\Honda_HOOD - Copy\x64\Release\glfw.pdb'; linking object as if no debug info
glfw3.lib(egl_context.obj) : warning LNK4099: PDB 'glfw.pdb' was not found with 'glfw3.lib(egl_context.obj)' or at 'C:\Users\trong\Downloads\MFC-Visual-CPP-Applications-master\Honda_HOOD - Copy\x64\Release\glfw.pdb'; linking object as if no debug info
glfw3.lib(osmesa_context.obj) : warning LNK4099: PDB 'glfw.pdb' was not found with 'glfw3.lib(osmesa_context.obj)' or at 'C:\Users\trong\Downloads\MFC-Visual-CPP-Applications-master\Honda_HOOD - Copy\x64\Release\glfw.pdb'; linking object as if no debug info
  CTabControl.vcxproj -> C:\Users\trong\Downloads\MFC-Visual-CPP-Applications-master\Honda_HOOD - Copy\x64\Release\HOOD.exe
