c:\users\trong\downloads\mfc-visual-cpp-applications-master\honda_hood\ctabcontrol\x64\release\hood.pch
c:\users\trong\downloads\mfc-visual-cpp-applications-master\honda_hood\ctabcontrol\x64\release\vc142.pdb
c:\users\trong\downloads\mfc-visual-cpp-applications-master\honda_hood\ctabcontrol\x64\release\stdafx.obj
c:\users\trong\downloads\mfc-visual-cpp-applications-master\honda_hood\ctabcontrol\x64\release\vbo.obj
c:\users\trong\downloads\mfc-visual-cpp-applications-master\honda_hood\ctabcontrol\x64\release\vao.obj
c:\users\trong\downloads\mfc-visual-cpp-applications-master\honda_hood\ctabcontrol\x64\release\stb.obj
c:\users\trong\downloads\mfc-visual-cpp-applications-master\honda_hood\ctabcontrol\x64\release\shaderclass.obj
c:\users\trong\downloads\mfc-visual-cpp-applications-master\honda_hood\ctabcontrol\x64\release\modelview.obj
c:\users\trong\downloads\mfc-visual-cpp-applications-master\honda_hood\ctabcontrol\x64\release\mesh.obj
c:\users\trong\downloads\mfc-visual-cpp-applications-master\honda_hood\ctabcontrol\x64\release\execution.obj
c:\users\trong\downloads\mfc-visual-cpp-applications-master\honda_hood\ctabcontrol\x64\release\ebo.obj
c:\users\trong\downloads\mfc-visual-cpp-applications-master\honda_hood\ctabcontrol\x64\release\ctabcontroldlg.obj
c:\users\trong\downloads\mfc-visual-cpp-applications-master\honda_hood\ctabcontrol\x64\release\ctabcontrol.obj
c:\users\trong\downloads\mfc-visual-cpp-applications-master\honda_hood\ctabcontrol\x64\release\ctab2.obj
c:\users\trong\downloads\mfc-visual-cpp-applications-master\honda_hood\ctabcontrol\x64\release\ctab1.obj
c:\users\trong\downloads\mfc-visual-cpp-applications-master\honda_hood\ctabcontrol\x64\release\camera.obj
c:\users\trong\downloads\mfc-visual-cpp-applications-master\honda_hood\x64\release\hood.lib
c:\users\trong\downloads\mfc-visual-cpp-applications-master\honda_hood\x64\release\hood.exp
c:\users\trong\downloads\mfc-visual-cpp-applications-master\honda_hood\x64\release\hood.exe
c:\users\trong\downloads\mfc-visual-cpp-applications-master\honda_hood\ctabcontrol\x64\release\hood.ipdb
c:\users\trong\downloads\mfc-visual-cpp-applications-master\honda_hood\ctabcontrol\x64\release\hood.iobj
c:\users\trong\downloads\mfc-visual-cpp-applications-master\honda_hood\x64\release\hood.pdb
c:\users\trong\downloads\mfc-visual-cpp-applications-master\honda_hood\ctabcontrol\x64\release\ctabcontrol.res
c:\users\trong\downloads\mfc-visual-cpp-applications-master\honda_hood\ctabcontrol\x64\release\hood.tlog\cl.command.1.tlog
c:\users\trong\downloads\mfc-visual-cpp-applications-master\honda_hood\ctabcontrol\x64\release\hood.tlog\cl.read.1.tlog
c:\users\trong\downloads\mfc-visual-cpp-applications-master\honda_hood\ctabcontrol\x64\release\hood.tlog\cl.write.1.tlog
c:\users\trong\downloads\mfc-visual-cpp-applications-master\honda_hood\ctabcontrol\x64\release\hood.tlog\hood.write.1u.tlog
c:\users\trong\downloads\mfc-visual-cpp-applications-master\honda_hood\ctabcontrol\x64\release\hood.tlog\link.command.1.tlog
c:\users\trong\downloads\mfc-visual-cpp-applications-master\honda_hood\ctabcontrol\x64\release\hood.tlog\link.read.1.tlog
c:\users\trong\downloads\mfc-visual-cpp-applications-master\honda_hood\ctabcontrol\x64\release\hood.tlog\link.write.1.tlog
c:\users\trong\downloads\mfc-visual-cpp-applications-master\honda_hood\ctabcontrol\x64\release\hood.tlog\rc.command.1.tlog
c:\users\trong\downloads\mfc-visual-cpp-applications-master\honda_hood\ctabcontrol\x64\release\hood.tlog\rc.read.1.tlog
c:\users\trong\downloads\mfc-visual-cpp-applications-master\honda_hood\ctabcontrol\x64\release\hood.tlog\rc.write.1.tlog
